#
# A fatal error has been detected by the Java Runtime Environment:
#
#  EXCEPTION_ACCESS_VIOLATION (0xc0000005) at pc=0x00000000725573c4, pid=19732, tid=0x00000000000053e4
#
# JRE version: Java(TM) SE Runtime Environment (8.0_211-b12) (build 1.8.0_211-b12)
# Java VM: Java HotSpot(TM) 64-Bit Server VM (25.211-b12 mixed mode windows-amd64 compressed oops)
# Problematic frame:
# V  [jvm.dll+0xf73c4]
#
# Failed to write core dump. Minidumps are not enabled by default on client versions of Windows
#
# If you would like to submit a bug report, please visit:
#   http://bugreport.java.com/bugreport/crash.jsp
#

---------------  T H R E A D  ---------------

Current thread (0x000000001bf37800):  VMThread [stack: 0x000000001cfc0000,0x000000001d0c0000] [id=21476]

siginfo: ExceptionCode=0xc0000005, reading address 0x000000001bb648c8

Registers:
RAX=0x0000000000194020, RBX=0x000000001b9d03c8, RCX=0x000000001b9d0898, RDX=0x000000000000ca01
RSP=0x000000001d0bed58, RBP=0x000000000000003b, RSI=0x000000001d0bf040, RDI=0x000000001d0bf040
R8 =0x0000000000000000, R9 =0x000000001b9d03c8, R10=0x000000000000ca01, R11=0x000000001b9d0743
R12=0x0000000000000001, R13=0x0000000000000001, R14=0x00000000000003d8, R15=0x000000001d0bee60
RIP=0x00000000725573c4, EFLAGS=0x0000000000010202

Top of Stack: (sp=0x000000001d0bed58)
0x000000001d0bed58:   000000007255f43c 000000001d0bf040
0x000000001d0bed68:   00000000029b08da 00000973424853ce
0x000000001d0bed78:   00000000725125fe 0000000000000000
0x000000001d0bed88:   000000007255e622 000000004600001f
0x000000001d0bed98:   000000001d0bee00 00000973424852ee
0x000000001d0beda8:   000000007255fa52 000000001d0bee70
0x000000001d0bedb8:   0000000000000001 000000001d0bee80
0x000000001d0bedc8:   000000001d0bf040 000000001d0beeb0
0x000000001d0bedd8:   0000000072562680 000000000000003b
0x000000001d0bede8:   000000000000003b 0000000000000048
0x000000001d0bedf8:   000000007255f8d6 000000000000003b
0x000000001d0bee08:   000000001d0beeb0 000000001d0bee70
0x000000001d0bee18:   0000000000000048 000000001b9d0778
0x000000001d0bee28:   00000000725631df 000000001d0bf040
0x000000001d0bee38:   000000001d0beeb0 000000001be456f0
0x000000001d0bee48:   000000001b9d0778 0000000000000009 

Instructions: (pc=0x00000000725573c4)
0x00000000725573a4:   18 f7 d2 48 63 c2 48 c1 e0 05 48 8b 44 08 10 0f
0x00000000725573b4:   b7 c0 41 0f b7 44 c1 52 c3 48 63 c2 48 c1 e0 05
0x00000000725573c4:   48 8b 44 08 10 0f b7 d0 48 63 c2 41 0f b7 44 c1
0x00000000725573d4:   52 c3 49 8b 41 08 48 63 ca 0f b6 44 08 04 3c 12 


Register to memory mapping:

RAX=0x0000000000194020 is an unknown value
RBX=0x000000001b9d03c8 is pointing into metadata
RCX=0x000000001b9d0898 is pointing into metadata
RDX=0x000000000000ca01 is an unknown value
RSP=0x000000001d0bed58 is an unknown value
RBP=0x000000000000003b is an unknown value
RSI=0x000000001d0bf040 is an unknown value
RDI=0x000000001d0bf040 is an unknown value
R8 =0x0000000000000000 is an unknown value
R9 =0x000000001b9d03c8 is pointing into metadata
R10=0x000000000000ca01 is an unknown value
R11=0x000000001b9d0743 is pointing into metadata
R12=0x0000000000000001 is an unknown value
R13=0x0000000000000001 is an unknown value
R14=0x00000000000003d8 is an unknown value
R15=0x000000001d0bee60 is an unknown value


Stack: [0x000000001cfc0000,0x000000001d0c0000],  sp=0x000000001d0bed58,  free space=1019k
Native frames: (J=compiled Java code, j=interpreted, Vv=VM code, C=native code)
V  [jvm.dll+0xf73c4]

VM_Operation (0x000000001d6bf700): GetOrSetLocal, mode: safepoint, requested by thread 0x000000001bf7e800


---------------  P R O C E S S  ---------------

Java Threads: ( => current thread )
  0x000000001dafe000 JavaThread "Service Thread" daemon [_thread_blocked, id=20208, stack(0x000000001dfc0000,0x000000001e0c0000)]
  0x000000001daf8800 JavaThread "C1 CompilerThread2" daemon [_thread_blocked, id=21132, stack(0x000000001dec0000,0x000000001dfc0000)]
  0x000000001bf9f800 JavaThread "C2 CompilerThread1" daemon [_thread_blocked, id=6900, stack(0x000000001d9c0000,0x000000001dac0000)]
  0x000000001bfac800 JavaThread "C2 CompilerThread0" daemon [_thread_blocked, id=1628, stack(0x000000001d8c0000,0x000000001d9c0000)]
  0x000000001bf92800 JavaThread "JDWP Command Reader" daemon [_thread_in_native, id=12300, stack(0x000000001d7c0000,0x000000001d8c0000)]
  0x000000001bf8f000 JavaThread "JDWP Event Helper Thread" daemon [_thread_blocked, id=18492, stack(0x000000001d6c0000,0x000000001d7c0000)]
  0x000000001bf7e800 JavaThread "JDWP Transport Listener: dt_socket" daemon [_thread_blocked, id=3520, stack(0x000000001d5c0000,0x000000001d6c0000)]
  0x000000001bf76000 JavaThread "Attach Listener" daemon [_thread_blocked, id=4776, stack(0x000000001d4c0000,0x000000001d5c0000)]
  0x000000001bf75000 JavaThread "Signal Dispatcher" daemon [_thread_blocked, id=19580, stack(0x000000001d3c0000,0x000000001d4c0000)]
  0x00000000029a7000 JavaThread "Finalizer" daemon [_thread_blocked, id=12096, stack(0x000000001d1c0000,0x000000001d2c0000)]
  0x00000000029a4000 JavaThread "Reference Handler" daemon [_thread_blocked, id=21752, stack(0x000000001d0c0000,0x000000001d1c0000)]
  0x00000000028b3800 JavaThread "main" [_thread_blocked, id=7272, stack(0x00000000027b0000,0x00000000028b0000)]

Other Threads:
=>0x000000001bf37800 VMThread [stack: 0x000000001cfc0000,0x000000001d0c0000] [id=21476]
  0x000000001db0e800 WatcherThread [stack: 0x000000001e0c0000,0x000000001e1c0000] [id=2220]

VM state:at safepoint (normal execution)

VM Mutex/Monitor currently owned by a thread:  ([mutex/lock_event])
[0x00000000028b0bd0] Threads_lock - owner thread: 0x000000001bf37800

heap address: 0x00000006c1e00000, size: 4066 MB, Compressed Oops mode: Zero based, Oop shift amount: 3
Narrow klass base: 0x0000000000000000, Narrow klass shift: 3
Compressed class space size: 1073741824 Address: 0x00000007c0000000

Heap:
 PSYoungGen      total 76288K, used 3932K [0x000000076b500000, 0x0000000770a00000, 0x00000007c0000000)
  eden space 65536K, 6% used [0x000000076b500000,0x000000076b8d70e0,0x000000076f500000)
  from space 10752K, 0% used [0x000000076ff80000,0x000000076ff80000,0x0000000770a00000)
  to   space 10752K, 0% used [0x000000076f500000,0x000000076f500000,0x000000076ff80000)
 ParOldGen       total 175104K, used 0K [0x00000006c1e00000, 0x00000006cc900000, 0x000000076b500000)
  object space 175104K, 0% used [0x00000006c1e00000,0x00000006c1e00000,0x00000006cc900000)
 Metaspace       used 2739K, capacity 4500K, committed 4864K, reserved 1056768K
  class space    used 295K, capacity 388K, committed 512K, reserved 1048576K

Card table byte_map: [0x0000000011d70000,0x0000000012570000] byte_map_base: 0x000000000e761000

Marking Bits: (ParMarkBitMap*) 0x0000000072c85ce0
 Begin Bits: [0x0000000012ec0000, 0x0000000016e48000)
 End Bits:   [0x0000000016e48000, 0x000000001add0000)

Polling page: 0x0000000000e30000

CodeCache: size=245760Kb used=1138Kb max_used=1138Kb free=244621Kb
 bounds [0x00000000029b0000, 0x0000000002c20000, 0x00000000119b0000]
 total_blobs=270 nmethods=44 adapters=147
 compilation: enabled

Compilation events (10 events):
Event: 0.421 Thread 0x000000001daf8800   40       3       java.io.WinNTFileSystem::normalize (143 bytes)
Event: 0.421 Thread 0x000000001daf8800 nmethod 40 0x0000000002acad50 code [0x0000000002acaf40, 0x0000000002acb7c8]
Event: 0.432 Thread 0x000000001daf8800   41       3       java.lang.AbstractStringBuilder::newCapacity (39 bytes)
Event: 0.433 Thread 0x000000001daf8800 nmethod 41 0x0000000002acbbd0 code [0x0000000002acbd60, 0x0000000002acc168]
Event: 0.437 Thread 0x000000001daf8800   43       3       java.lang.String::startsWith (7 bytes)
Event: 0.437 Thread 0x000000001daf8800 nmethod 43 0x0000000002acc310 code [0x0000000002acc480, 0x0000000002acc6a8]
Event: 0.437 Thread 0x000000001daf8800   42       1       java.util.ArrayList::size (5 bytes)
Event: 0.437 Thread 0x000000001daf8800 nmethod 42 0x0000000002acc750 code [0x0000000002acc8a0, 0x0000000002acc9b0]
Event: 0.438 Thread 0x000000001daf8800   44       1       java.net.URL::getFile (5 bytes)
Event: 0.438 Thread 0x000000001daf8800 nmethod 44 0x0000000002acca10 code [0x0000000002accb60, 0x0000000002accc70]

GC Heap History (0 events):
No events

Deoptimization events (0 events):
No events

Classes redefined (3 events):
Event: 56.243 Thread 0x000000001bf37800 redefined class name=Fibonacci, count=1
Event: 118.737 Thread 0x000000001bf37800 redefined class name=Fibonacci, count=2
Event: 234.326 Thread 0x000000001bf37800 redefined class name=Fibonacci, count=3

Internal exceptions (2 events):
Event: 0.059 Thread 0x00000000028b3800 Exception <a 'java/lang/NoSuchMethodError': Method sun.misc.Unsafe.defineClass(Ljava/lang/String;[BII)Ljava/lang/Class; name or signature does not match> (0x000000076b507cb0) thrown at [C:\re\workspace\8-2-build-windows-amd64-cygwin\jdk8u211\12973\hotspot
Event: 0.059 Thread 0x00000000028b3800 Exception <a 'java/lang/NoSuchMethodError': Method sun.misc.Unsafe.prefetchRead(Ljava/lang/Object;J)V name or signature does not match> (0x000000076b507f98) thrown at [C:\re\workspace\8-2-build-windows-amd64-cygwin\jdk8u211\12973\hotspot\src\share\vm\prim

Events (10 events):
Event: 234.370 Executing VM operation: ChangeBreakpoints done
Event: 234.371 Executing VM operation: ChangeBreakpoints
Event: 234.371 Executing VM operation: ChangeBreakpoints done
Event: 234.372 Executing VM operation: ChangeBreakpoints
Event: 234.372 Executing VM operation: ChangeBreakpoints done
Event: 234.373 Executing VM operation: ChangeBreakpoints
Event: 234.373 Executing VM operation: ChangeBreakpoints done
Event: 234.381 Executing VM operation: ChangeBreakpoints
Event: 234.381 Executing VM operation: ChangeBreakpoints done
Event: 234.385 Executing VM operation: GetOrSetLocal


Dynamic libraries:
0x00007ff79f4f0000 - 0x00007ff79f527000 	C:\Program Files\Java\jdk1.8.0_211\bin\java.exe
0x00007ffa97620000 - 0x00007ffa97810000 	C:\WINDOWS\SYSTEM32\ntdll.dll
0x00007ffa956d0000 - 0x00007ffa95782000 	C:\WINDOWS\System32\KERNEL32.DLL
0x00007ffa952f0000 - 0x00007ffa95593000 	C:\WINDOWS\System32\KERNELBASE.dll
0x00007ffa96d60000 - 0x00007ffa96e03000 	C:\WINDOWS\System32\ADVAPI32.dll
0x00007ffa960d0000 - 0x00007ffa9616e000 	C:\WINDOWS\System32\msvcrt.dll
0x00007ffa96170000 - 0x00007ffa96207000 	C:\WINDOWS\System32\sechost.dll
0x00007ffa96820000 - 0x00007ffa96940000 	C:\WINDOWS\System32\RPCRT4.dll
0x00007ffa95790000 - 0x00007ffa95924000 	C:\WINDOWS\System32\USER32.dll
0x00007ffa95140000 - 0x00007ffa95161000 	C:\WINDOWS\System32\win32u.dll
0x00007ffa97400000 - 0x00007ffa97426000 	C:\WINDOWS\System32\GDI32.dll
0x00007ffa94f80000 - 0x00007ffa95114000 	C:\WINDOWS\System32\gdi32full.dll
0x00007ffa955d0000 - 0x00007ffa9566e000 	C:\WINDOWS\System32\msvcp_win.dll
0x00007ffa94e80000 - 0x00007ffa94f7a000 	C:\WINDOWS\System32\ucrtbase.dll
0x00007ffa93990000 - 0x00007ffa93c15000 	C:\WINDOWS\WinSxS\amd64_microsoft.windows.common-controls_6595b64144ccf1df_6.0.18362.720_none_e6beb5c51314836b\COMCTL32.dll
0x00007ffa96940000 - 0x00007ffa96c76000 	C:\WINDOWS\System32\combase.dll
0x00007ffa951c0000 - 0x00007ffa95240000 	C:\WINDOWS\System32\bcryptPrimitives.dll
0x00007ffa967f0000 - 0x00007ffa9681e000 	C:\WINDOWS\System32\IMM32.DLL
0x0000000072d10000 - 0x0000000072de2000 	C:\Program Files\Java\jdk1.8.0_211\jre\bin\msvcr100.dll
0x0000000072460000 - 0x0000000072d05000 	C:\Program Files\Java\jdk1.8.0_211\jre\bin\server\jvm.dll
0x00007ffa97490000 - 0x00007ffa97498000 	C:\WINDOWS\System32\PSAPI.DLL
0x00007ffa91110000 - 0x00007ffa91134000 	C:\WINDOWS\SYSTEM32\WINMM.dll
0x00007ffa82f20000 - 0x00007ffa82f2a000 	C:\WINDOWS\SYSTEM32\VERSION.dll
0x00007ffa90ec0000 - 0x00007ffa90eed000 	C:\WINDOWS\SYSTEM32\WINMMBASE.dll
0x00007ffa95170000 - 0x00007ffa951ba000 	C:\WINDOWS\System32\cfgmgr32.dll
0x00007ffa805c0000 - 0x00007ffa805c9000 	C:\WINDOWS\SYSTEM32\WSOCK32.dll
0x00007ffa96780000 - 0x00007ffa967ef000 	C:\WINDOWS\System32\WS2_32.dll
0x00007ffa8d110000 - 0x00007ffa8d11f000 	C:\Program Files\Java\jdk1.8.0_211\jre\bin\verify.dll
0x00007ffa5e8c0000 - 0x00007ffa5e8e9000 	C:\Program Files\Java\jdk1.8.0_211\jre\bin\java.dll
0x00007ffa5cc40000 - 0x00007ffa5cc75000 	C:\Program Files\Java\jdk1.8.0_211\jre\bin\jdwp.dll
0x00007ffa84eb0000 - 0x00007ffa84eb8000 	C:\Program Files\Java\jdk1.8.0_211\jre\bin\npt.dll
0x00007ffa88410000 - 0x00007ffa88426000 	C:\Program Files\Java\jdk1.8.0_211\jre\bin\zip.dll
0x00007ffa959e0000 - 0x00007ffa960c5000 	C:\WINDOWS\System32\SHELL32.dll
0x00007ffa95930000 - 0x00007ffa959d9000 	C:\WINDOWS\System32\shcore.dll
0x00007ffa94700000 - 0x00007ffa94e80000 	C:\WINDOWS\System32\windows.storage.dll
0x00007ffa94510000 - 0x00007ffa94533000 	C:\WINDOWS\System32\profapi.dll
0x00007ffa94540000 - 0x00007ffa9458a000 	C:\WINDOWS\System32\powrprof.dll
0x00007ffa944e0000 - 0x00007ffa944f0000 	C:\WINDOWS\System32\UMPDC.dll
0x00007ffa963e0000 - 0x00007ffa96432000 	C:\WINDOWS\System32\shlwapi.dll
0x00007ffa944f0000 - 0x00007ffa94501000 	C:\WINDOWS\System32\kernel.appcore.dll
0x00007ffa95120000 - 0x00007ffa95137000 	C:\WINDOWS\System32\cryptsp.dll
0x00007ffa7d890000 - 0x00007ffa7d899000 	C:\Program Files\Java\jdk1.8.0_211\jre\bin\dt_socket.dll
0x00007ffa93670000 - 0x00007ffa936d7000 	C:\WINDOWS\system32\mswsock.dll
0x00007ffa93fa0000 - 0x00007ffa94194000 	C:\WINDOWS\SYSTEM32\dbghelp.dll

VM Arguments:
jvm_args: -agentlib:jdwp=transport=dt_socket,address=127.0.0.1:50903,suspend=y,server=n -Dfile.encoding=UTF-8 
java_command: Main
java_class_path (initial): C:\Program Files\Java\jdk1.8.0_211\jre\lib\charsets.jar;C:\Program Files\Java\jdk1.8.0_211\jre\lib\deploy.jar;C:\Program Files\Java\jdk1.8.0_211\jre\lib\ext\access-bridge-64.jar;C:\Program Files\Java\jdk1.8.0_211\jre\lib\ext\cldrdata.jar;C:\Program Files\Java\jdk1.8.0_211\jre\lib\ext\dnsns.jar;C:\Program Files\Java\jdk1.8.0_211\jre\lib\ext\jaccess.jar;C:\Program Files\Java\jdk1.8.0_211\jre\lib\ext\jfxrt.jar;C:\Program Files\Java\jdk1.8.0_211\jre\lib\ext\localedata.jar;C:\Program Files\Java\jdk1.8.0_211\jre\lib\ext\nashorn.jar;C:\Program Files\Java\jdk1.8.0_211\jre\lib\ext\sunec.jar;C:\Program Files\Java\jdk1.8.0_211\jre\lib\ext\sunjce_provider.jar;C:\Program Files\Java\jdk1.8.0_211\jre\lib\ext\sunmscapi.jar;C:\Program Files\Java\jdk1.8.0_211\jre\lib\ext\sunpkcs11.jar;C:\Program Files\Java\jdk1.8.0_211\jre\lib\ext\zipfs.jar;C:\Program Files\Java\jdk1.8.0_211\jre\lib\javaws.jar;C:\Program Files\Java\jdk1.8.0_211\jre\lib\jce.jar;C:\Program Files\Java\jdk1.8.0_211\jre\lib\jfr.jar;C:\Program Files\Java\jdk1.8.0_211\jre\lib\jfxswt.jar;C:\Program Files\Java\jdk1.8.0_211\jre\lib\jsse.jar;C:\Program Files\Java\jdk1.8.0_211\jre\lib\management-agent.jar;C:\Program Files\Java\jdk1.8.0_211\jre\lib\plugin.jar;C:\Program Files\Java\jdk1.8.0_211\jre\lib\resources.jar;C:\Program Files\Java\jdk1.8.0_211\jre\lib\rt.jar;C:\Users\theja\Desktop\Practice Projects\Memoization\out\production\Memoization;C:\Program Files\JetBrains\IntelliJ IDEA Community Edition 2017.3.7\lib\idea_rt.jar
Launcher Type: SUN_STANDARD

Environment Variables:
CLASSPATH=C:\LINGO18\Lingo18.jar
PATH=C:\Program Files (x86)\NetSarang\Xftp 6\;C:\Program Files (x86)\NetSarang\Xlpd 6\;C:\Program Files (x86)\NetSarang\Xshell 6\;C:\Program Files (x86)\NetSarang\Xmanager 6\;C:\Program Files (x86)\Common Files\Oracle\Java\javapath;C:\Program Files (x86)\Intel\iCLS Client\;C:\Program Files (x86)\NVIDIA Corporation\PhysX\Common;C:\Program Files\Intel\iCLS Client\;C:\WINDOWS\system32;C:\WINDOWS;C:\WINDOWS\System32\Wbem;C:\WINDOWS\System32\WindowsPowerShell\v1.0\;C:\Program Files\Microsoft SQL Server\130\Tools\Binn\;C:\Program Files\Microsoft SQL Server\Client SDK\ODBC\110\Tools\Binn\;C:\Program Files (x86)\Microsoft SQL Server\120\Tools\Binn\;C:\Program Files\Microsoft SQL Server\120\Tools\Binn\;C:\Program Files\Microsoft SQL Server\120\DTS\Binn\;C:\Program Files (x86)\Windows Kits\8.1\Windows Performance Toolkit\;C:\Program Files\MATLAB\R2018a\bin;C:\Program Files\MATLAB\R2017b\bin;C:\Program Files (x86)\Intel\Intel(R) Management Engine Components\DAL;C:\Program Files\Intel\Intel(R) Management Engine Components\DAL;C:\Program Files (x86)\Intel\Intel(R) Management Engine Components\IPT;C:\Program Files\Intel\Intel(R) Management Engine Components\IPT;C:\WINDOWS\System32\OpenSSH\;C:\Program Files\Intel\WiFi\bin\;C:\Program Files\Common Files\Intel\WirelessCommon\;C:\Program Files\Java\jdk1.8.0_211\bin;C:\LINGO18\;C:\Program Files\Git\cmd;C:\Program Files (x86)\Yarn\bin\;C:\Program Files\nodejs\;C:\Users\theja\AppData\Local\Microsoft\WindowsApps;C:\texlive\2018\bin\win32;C:\Users\theja\AppData\Local\Programs\Microsoft VS Code\bin;C:\Program Files\Java\jdk1.8.0_211\bin;C:\Users\theja\AppData\Local\Yarn\bin;C:\Users\theja\AppData\Roaming\npm
USERNAME=theja
OS=Windows_NT
PROCESSOR_IDENTIFIER=Intel64 Family 6 Model 142 Stepping 9, GenuineIntel



---------------  S Y S T E M  ---------------

OS: Windows 10.0 , 64 bit Build 18362 (10.0.18362.329)

CPU:total 4 (initial active 4) (2 cores per cpu, 2 threads per core) family 6 model 142 stepping 9, cmov, cx8, fxsr, mmx, sse, sse2, sse3, ssse3, sse4.1, sse4.2, popcnt, avx, avx2, aes, clmul, erms, 3dnowpref, lzcnt, ht, tsc, tscinvbit, bmi1, bmi2, adx

Memory: 4k page, physical 16652856k(7223184k free), swap 19536440k(5718868k free)

vm_info: Java HotSpot(TM) 64-Bit Server VM (25.211-b12) for windows-amd64 JRE (1.8.0_211-b12), built on Apr  1 2019 20:53:26 by "java_re" with MS VC++ 10.0 (VS2010)

time: Fri Apr 03 10:21:48 2020
timezone: Pacific Daylight Time
elapsed time: 234 seconds (0d 0h 3m 54s)

