#
# A fatal error has been detected by the Java Runtime Environment:
#
#  EXCEPTION_ACCESS_VIOLATION (0xc0000005) at pc=0x00000000725573c4, pid=17532, tid=0x000000000000315c
#
# JRE version: Java(TM) SE Runtime Environment (8.0_211-b12) (build 1.8.0_211-b12)
# Java VM: Java HotSpot(TM) 64-Bit Server VM (25.211-b12 mixed mode windows-amd64 compressed oops)
# Problematic frame:
# V  [jvm.dll+0xf73c4]
#
# Failed to write core dump. Minidumps are not enabled by default on client versions of Windows
#
# If you would like to submit a bug report, please visit:
#   http://bugreport.java.com/bugreport/crash.jsp
#

---------------  T H R E A D  ---------------

Current thread (0x000000001bdf7800):  VMThread [stack: 0x000000001ce90000,0x000000001cf90000] [id=12636]

siginfo: ExceptionCode=0xc0000005, reading address 0x000000001ba324a8

Registers:
RAX=0x0000000000194020, RBX=0x000000001b89dfd8, RCX=0x000000001b89e478, RDX=0x000000000000ca01
RSP=0x000000001cf8edb8, RBP=0x000000000000003b, RSI=0x000000001cf8f0a0, RDI=0x000000001cf8f0a0
R8 =0x0000000000000000, R9 =0x000000001b89dfd8, R10=0x000000000000ca01, R11=0x000000001b89e323
R12=0x0000000000000001, R13=0x0000000000000001, R14=0x00000000000003d8, R15=0x000000001cf8eec0
RIP=0x00000000725573c4, EFLAGS=0x0000000000010202

Top of Stack: (sp=0x000000001cf8edb8)
0x000000001cf8edb8:   000000007255f43c 000000001cf8f0a0
0x000000001cf8edc8:   00000000028708da 00000973d7845571
0x000000001cf8edd8:   00000000725125fe 0000000000000000
0x000000001cf8ede8:   000000007255e622 000000004600001f
0x000000001cf8edf8:   000000001cf8ee60 00000973d7845411
0x000000001cf8ee08:   000000007255fa52 000000001cf8eed0
0x000000001cf8ee18:   0000000000000001 000000001cf8eee0
0x000000001cf8ee28:   000000001cf8f0a0 000000001cf8ef10
0x000000001cf8ee38:   0000000072562680 000000000000003b
0x000000001cf8ee48:   000000000000003b 0000000000000048
0x000000001cf8ee58:   000000007255f8d6 000000000000003b
0x000000001cf8ee68:   000000001cf8ef10 000000001cf8eed0
0x000000001cf8ee78:   0000000000000048 000000001b89e358
0x000000001cf8ee88:   00000000725631df 000000001cf8f0a0
0x000000001cf8ee98:   000000001cf8ef10 000000001bd059c0
0x000000001cf8eea8:   000000001b89e358 0000000000000009 

Instructions: (pc=0x00000000725573c4)
0x00000000725573a4:   18 f7 d2 48 63 c2 48 c1 e0 05 48 8b 44 08 10 0f
0x00000000725573b4:   b7 c0 41 0f b7 44 c1 52 c3 48 63 c2 48 c1 e0 05
0x00000000725573c4:   48 8b 44 08 10 0f b7 d0 48 63 c2 41 0f b7 44 c1
0x00000000725573d4:   52 c3 49 8b 41 08 48 63 ca 0f b6 44 08 04 3c 12 


Register to memory mapping:

RAX=0x0000000000194020 is an unknown value
RBX=0x000000001b89dfd8 is pointing into metadata
RCX=0x000000001b89e478 is pointing into metadata
RDX=0x000000000000ca01 is an unknown value
RSP=0x000000001cf8edb8 is an unknown value
RBP=0x000000000000003b is an unknown value
RSI=0x000000001cf8f0a0 is an unknown value
RDI=0x000000001cf8f0a0 is an unknown value
R8 =0x0000000000000000 is an unknown value
R9 =0x000000001b89dfd8 is pointing into metadata
R10=0x000000000000ca01 is an unknown value
R11=0x000000001b89e323 is pointing into metadata
R12=0x0000000000000001 is an unknown value
R13=0x0000000000000001 is an unknown value
R14=0x00000000000003d8 is an unknown value
R15=0x000000001cf8eec0 is an unknown value


Stack: [0x000000001ce90000,0x000000001cf90000],  sp=0x000000001cf8edb8,  free space=1019k
Native frames: (J=compiled Java code, j=interpreted, Vv=VM code, C=native code)
V  [jvm.dll+0xf73c4]

VM_Operation (0x000000001d58f300): GetOrSetLocal, mode: safepoint, requested by thread 0x000000001be42800


---------------  P R O C E S S  ---------------

Java Threads: ( => current thread )
  0x000000001d8bd800 JavaThread "Service Thread" daemon [_thread_blocked, id=12740, stack(0x000000001de90000,0x000000001df90000)]
  0x000000001d828000 JavaThread "C1 CompilerThread2" daemon [_thread_blocked, id=22404, stack(0x000000001dd90000,0x000000001de90000)]
  0x000000001d825800 JavaThread "C2 CompilerThread1" daemon [_thread_blocked, id=21096, stack(0x000000001dc90000,0x000000001dd90000)]
  0x000000001d825000 JavaThread "C2 CompilerThread0" daemon [_thread_blocked, id=19780, stack(0x000000001db90000,0x000000001dc90000)]
  0x000000001be52800 JavaThread "JDWP Command Reader" daemon [_thread_in_native, id=2008, stack(0x000000001d690000,0x000000001d790000)]
  0x000000001be4f000 JavaThread "JDWP Event Helper Thread" daemon [_thread_blocked, id=16900, stack(0x000000001d590000,0x000000001d690000)]
  0x000000001be42800 JavaThread "JDWP Transport Listener: dt_socket" daemon [_thread_blocked, id=17392, stack(0x000000001d490000,0x000000001d590000)]
  0x000000001be38800 JavaThread "Attach Listener" daemon [_thread_blocked, id=17016, stack(0x000000001d390000,0x000000001d490000)]
  0x000000001be37000 JavaThread "Signal Dispatcher" daemon [_thread_blocked, id=4312, stack(0x000000001d290000,0x000000001d390000)]
  0x000000000286d000 JavaThread "Finalizer" daemon [_thread_blocked, id=13600, stack(0x000000001d090000,0x000000001d190000)]
  0x0000000002864000 JavaThread "Reference Handler" daemon [_thread_blocked, id=15244, stack(0x000000001cf90000,0x000000001d090000)]
  0x0000000002773800 JavaThread "main" [_thread_blocked, id=19784, stack(0x00000000023d0000,0x00000000024d0000)]

Other Threads:
=>0x000000001bdf7800 VMThread [stack: 0x000000001ce90000,0x000000001cf90000] [id=12636]
  0x000000001d8c2000 WatcherThread [stack: 0x000000001df90000,0x000000001e090000] [id=20692]

VM state:at safepoint (normal execution)

VM Mutex/Monitor currently owned by a thread:  ([mutex/lock_event])
[0x0000000002770ad0] Threads_lock - owner thread: 0x000000001bdf7800

heap address: 0x00000006c1e00000, size: 4066 MB, Compressed Oops mode: Zero based, Oop shift amount: 3
Narrow klass base: 0x0000000000000000, Narrow klass shift: 3
Compressed class space size: 1073741824 Address: 0x00000007c0000000

Heap:
 PSYoungGen      total 76288K, used 5243K [0x000000076b500000, 0x0000000770a00000, 0x00000007c0000000)
  eden space 65536K, 8% used [0x000000076b500000,0x000000076ba1ec00,0x000000076f500000)
  from space 10752K, 0% used [0x000000076ff80000,0x000000076ff80000,0x0000000770a00000)
  to   space 10752K, 0% used [0x000000076f500000,0x000000076f500000,0x000000076ff80000)
 ParOldGen       total 175104K, used 0K [0x00000006c1e00000, 0x00000006cc900000, 0x000000076b500000)
  object space 175104K, 0% used [0x00000006c1e00000,0x00000006c1e00000,0x00000006cc900000)
 Metaspace       used 3128K, capacity 4600K, committed 4864K, reserved 1056768K
  class space    used 344K, capacity 424K, committed 512K, reserved 1048576K

Card table byte_map: [0x0000000011c30000,0x0000000012430000] byte_map_base: 0x000000000e621000

Marking Bits: (ParMarkBitMap*) 0x0000000072c85ce0
 Begin Bits: [0x0000000012d80000, 0x0000000016d08000)
 End Bits:   [0x0000000016d08000, 0x000000001ac90000)

Polling page: 0x0000000000780000

CodeCache: size=245760Kb used=1129Kb max_used=1129Kb free=244630Kb
 bounds [0x0000000002870000, 0x0000000002ae0000, 0x0000000011870000]
 total_blobs=265 nmethods=33 adapters=153
 compilation: enabled

Compilation events (10 events):
Event: 0.348 Thread 0x000000001d828000   29       3       java.lang.Math::min (11 bytes)
Event: 0.348 Thread 0x000000001d828000 nmethod 29 0x0000000002988510 code [0x0000000002988660, 0x00000000029887f0]
Event: 0.348 Thread 0x000000001d828000   27       3       java.util.ArrayList::rangeCheck (22 bytes)
Event: 0.349 Thread 0x000000001d828000 nmethod 27 0x0000000002989d10 code [0x0000000002989f20, 0x000000000298a9d8]
Event: 0.349 Thread 0x000000001d828000   28       3       java.util.ArrayList::elementData (7 bytes)
Event: 0.349 Thread 0x000000001d828000 nmethod 28 0x0000000002986c90 code [0x0000000002986de0, 0x0000000002986f70]
Event: 0.349 Thread 0x000000001d828000   32       1       java.net.URL::getQuery (5 bytes)
Event: 0.349 Thread 0x000000001d828000 nmethod 32 0x00000000029881d0 code [0x0000000002988320, 0x0000000002988430]
Event: 126.952 Thread 0x000000001d828000   33       3       java.util.HashMap::get (23 bytes)
Event: 126.953 Thread 0x000000001d828000 nmethod 33 0x0000000002985110 code [0x00000000029852a0, 0x00000000029856b8]

GC Heap History (0 events):
No events

Deoptimization events (0 events):
No events

Classes redefined (5 events):
Event: 10.394 Thread 0x000000001bdf7800 redefined class name=Main, count=1
Event: 63.677 Thread 0x000000001bdf7800 redefined class name=Fibonacci, count=1
Event: 126.953 Thread 0x000000001bdf7800 redefined class name=Fibonacci, count=2
Event: 189.472 Thread 0x000000001bdf7800 redefined class name=Fibonacci, count=3
Event: 305.026 Thread 0x000000001bdf7800 redefined class name=Fibonacci, count=4

Internal exceptions (2 events):
Event: 0.094 Thread 0x0000000002773800 Exception <a 'java/lang/NoSuchMethodError': Method sun.misc.Unsafe.defineClass(Ljava/lang/String;[BII)Ljava/lang/Class; name or signature does not match> (0x000000076b507cb0) thrown at [C:\re\workspace\8-2-build-windows-amd64-cygwin\jdk8u211\12973\hotspot
Event: 0.094 Thread 0x0000000002773800 Exception <a 'java/lang/NoSuchMethodError': Method sun.misc.Unsafe.prefetchRead(Ljava/lang/Object;J)V name or signature does not match> (0x000000076b507f98) thrown at [C:\re\workspace\8-2-build-windows-amd64-cygwin\jdk8u211\12973\hotspot\src\share\vm\prim

Events (10 events):
Event: 305.033 Executing VM operation: ChangeBreakpoints done
Event: 305.034 Executing VM operation: ChangeBreakpoints
Event: 305.034 Executing VM operation: ChangeBreakpoints done
Event: 305.034 Executing VM operation: ChangeBreakpoints
Event: 305.035 Executing VM operation: ChangeBreakpoints done
Event: 305.035 Executing VM operation: ChangeBreakpoints
Event: 305.035 Executing VM operation: ChangeBreakpoints done
Event: 305.037 Executing VM operation: ChangeBreakpoints
Event: 305.037 Executing VM operation: ChangeBreakpoints done
Event: 305.039 Executing VM operation: GetOrSetLocal


Dynamic libraries:
0x00007ff79f4f0000 - 0x00007ff79f527000 	C:\Program Files\Java\jdk1.8.0_211\bin\java.exe
0x00007ffa97620000 - 0x00007ffa97810000 	C:\WINDOWS\SYSTEM32\ntdll.dll
0x00007ffa956d0000 - 0x00007ffa95782000 	C:\WINDOWS\System32\KERNEL32.DLL
0x00007ffa952f0000 - 0x00007ffa95593000 	C:\WINDOWS\System32\KERNELBASE.dll
0x00007ffa96d60000 - 0x00007ffa96e03000 	C:\WINDOWS\System32\ADVAPI32.dll
0x00007ffa960d0000 - 0x00007ffa9616e000 	C:\WINDOWS\System32\msvcrt.dll
0x00007ffa96170000 - 0x00007ffa96207000 	C:\WINDOWS\System32\sechost.dll
0x00007ffa96820000 - 0x00007ffa96940000 	C:\WINDOWS\System32\RPCRT4.dll
0x00007ffa95790000 - 0x00007ffa95924000 	C:\WINDOWS\System32\USER32.dll
0x00007ffa95140000 - 0x00007ffa95161000 	C:\WINDOWS\System32\win32u.dll
0x00007ffa97400000 - 0x00007ffa97426000 	C:\WINDOWS\System32\GDI32.dll
0x00007ffa94f80000 - 0x00007ffa95114000 	C:\WINDOWS\System32\gdi32full.dll
0x00007ffa955d0000 - 0x00007ffa9566e000 	C:\WINDOWS\System32\msvcp_win.dll
0x00007ffa94e80000 - 0x00007ffa94f7a000 	C:\WINDOWS\System32\ucrtbase.dll
0x00007ffa93990000 - 0x00007ffa93c15000 	C:\WINDOWS\WinSxS\amd64_microsoft.windows.common-controls_6595b64144ccf1df_6.0.18362.720_none_e6beb5c51314836b\COMCTL32.dll
0x00007ffa96940000 - 0x00007ffa96c76000 	C:\WINDOWS\System32\combase.dll
0x00007ffa951c0000 - 0x00007ffa95240000 	C:\WINDOWS\System32\bcryptPrimitives.dll
0x00007ffa967f0000 - 0x00007ffa9681e000 	C:\WINDOWS\System32\IMM32.DLL
0x0000000072d10000 - 0x0000000072de2000 	C:\Program Files\Java\jdk1.8.0_211\jre\bin\msvcr100.dll
0x0000000072460000 - 0x0000000072d05000 	C:\Program Files\Java\jdk1.8.0_211\jre\bin\server\jvm.dll
0x00007ffa97490000 - 0x00007ffa97498000 	C:\WINDOWS\System32\PSAPI.DLL
0x00007ffa91110000 - 0x00007ffa91134000 	C:\WINDOWS\SYSTEM32\WINMM.dll
0x00007ffa82f20000 - 0x00007ffa82f2a000 	C:\WINDOWS\SYSTEM32\VERSION.dll
0x00007ffa90ec0000 - 0x00007ffa90eed000 	C:\WINDOWS\SYSTEM32\WINMMBASE.dll
0x00007ffa95170000 - 0x00007ffa951ba000 	C:\WINDOWS\System32\cfgmgr32.dll
0x00007ffa805c0000 - 0x00007ffa805c9000 	C:\WINDOWS\SYSTEM32\WSOCK32.dll
0x00007ffa96780000 - 0x00007ffa967ef000 	C:\WINDOWS\System32\WS2_32.dll
0x00007ffa8d110000 - 0x00007ffa8d11f000 	C:\Program Files\Java\jdk1.8.0_211\jre\bin\verify.dll
0x00007ffa5e8c0000 - 0x00007ffa5e8e9000 	C:\Program Files\Java\jdk1.8.0_211\jre\bin\java.dll
0x00007ffa5cc40000 - 0x00007ffa5cc75000 	C:\Program Files\Java\jdk1.8.0_211\jre\bin\jdwp.dll
0x00007ffa84eb0000 - 0x00007ffa84eb8000 	C:\Program Files\Java\jdk1.8.0_211\jre\bin\npt.dll
0x00007ffa5cc10000 - 0x00007ffa5cc33000 	C:\Program Files\Java\jdk1.8.0_211\jre\bin\instrument.dll
0x00007ffa88410000 - 0x00007ffa88426000 	C:\Program Files\Java\jdk1.8.0_211\jre\bin\zip.dll
0x00007ffa959e0000 - 0x00007ffa960c5000 	C:\WINDOWS\System32\SHELL32.dll
0x00007ffa95930000 - 0x00007ffa959d9000 	C:\WINDOWS\System32\shcore.dll
0x00007ffa94700000 - 0x00007ffa94e80000 	C:\WINDOWS\System32\windows.storage.dll
0x00007ffa94510000 - 0x00007ffa94533000 	C:\WINDOWS\System32\profapi.dll
0x00007ffa94540000 - 0x00007ffa9458a000 	C:\WINDOWS\System32\powrprof.dll
0x00007ffa944e0000 - 0x00007ffa944f0000 	C:\WINDOWS\System32\UMPDC.dll
0x00007ffa963e0000 - 0x00007ffa96432000 	C:\WINDOWS\System32\shlwapi.dll
0x00007ffa944f0000 - 0x00007ffa94501000 	C:\WINDOWS\System32\kernel.appcore.dll
0x00007ffa95120000 - 0x00007ffa95137000 	C:\WINDOWS\System32\cryptsp.dll
0x00007ffa7d890000 - 0x00007ffa7d899000 	C:\Program Files\Java\jdk1.8.0_211\jre\bin\dt_socket.dll
0x00007ffa93670000 - 0x00007ffa936d7000 	C:\WINDOWS\system32\mswsock.dll
0x00007ffa93fa0000 - 0x00007ffa94194000 	C:\WINDOWS\SYSTEM32\dbghelp.dll

VM Arguments:
jvm_args: -agentlib:jdwp=transport=dt_socket,address=127.0.0.1:50878,suspend=y,server=n -javaagent:C:\Users\theja\.IdeaIC2017.3\system\captureAgent\debugger-agent.jar=C:\Users\theja\AppData\Local\Temp\capture1.props -Dfile.encoding=UTF-8 
java_command: Main
java_class_path (initial): C:\Program Files\Java\jdk1.8.0_211\jre\lib\charsets.jar;C:\Program Files\Java\jdk1.8.0_211\jre\lib\deploy.jar;C:\Program Files\Java\jdk1.8.0_211\jre\lib\ext\access-bridge-64.jar;C:\Program Files\Java\jdk1.8.0_211\jre\lib\ext\cldrdata.jar;C:\Program Files\Java\jdk1.8.0_211\jre\lib\ext\dnsns.jar;C:\Program Files\Java\jdk1.8.0_211\jre\lib\ext\jaccess.jar;C:\Program Files\Java\jdk1.8.0_211\jre\lib\ext\jfxrt.jar;C:\Program Files\Java\jdk1.8.0_211\jre\lib\ext\localedata.jar;C:\Program Files\Java\jdk1.8.0_211\jre\lib\ext\nashorn.jar;C:\Program Files\Java\jdk1.8.0_211\jre\lib\ext\sunec.jar;C:\Program Files\Java\jdk1.8.0_211\jre\lib\ext\sunjce_provider.jar;C:\Program Files\Java\jdk1.8.0_211\jre\lib\ext\sunmscapi.jar;C:\Program Files\Java\jdk1.8.0_211\jre\lib\ext\sunpkcs11.jar;C:\Program Files\Java\jdk1.8.0_211\jre\lib\ext\zipfs.jar;C:\Program Files\Java\jdk1.8.0_211\jre\lib\javaws.jar;C:\Program Files\Java\jdk1.8.0_211\jre\lib\jce.jar;C:\Program Files\Java\jdk1.8.0_211\jre\lib\jfr.jar;C:\Program Files\Java\jdk1.8.0_211\jre\lib\jfxswt.jar;C:\Program Files\Java\jdk1.8.0_211\jre\lib\jsse.jar;C:\Program Files\Java\jdk1.8.0_211\jre\lib\management-agent.jar;C:\Program Files\Java\jdk1.8.0_211\jre\lib\plugin.jar;C:\Program Files\Java\jdk1.8.0_211\jre\lib\resources.jar;C:\Program Files\Java\jdk1.8.0_211\jre\lib\rt.jar;C:\Users\theja\Desktop\Practice Projects\Memoization\out\production\Memoization;C:\Program Files\JetBrains\IntelliJ IDEA Community Edition 2017.3.7\lib\idea_rt.jar;C:\Users\theja\.IdeaIC2017.3\system\captureAgent\debugger-agent.jar
Launcher Type: SUN_STANDARD

Environment Variables:
CLASSPATH=C:\LINGO18\Lingo18.jar
PATH=C:\Program Files (x86)\NetSarang\Xftp 6\;C:\Program Files (x86)\NetSarang\Xlpd 6\;C:\Program Files (x86)\NetSarang\Xshell 6\;C:\Program Files (x86)\NetSarang\Xmanager 6\;C:\Program Files (x86)\Common Files\Oracle\Java\javapath;C:\Program Files (x86)\Intel\iCLS Client\;C:\Program Files (x86)\NVIDIA Corporation\PhysX\Common;C:\Program Files\Intel\iCLS Client\;C:\WINDOWS\system32;C:\WINDOWS;C:\WINDOWS\System32\Wbem;C:\WINDOWS\System32\WindowsPowerShell\v1.0\;C:\Program Files\Microsoft SQL Server\130\Tools\Binn\;C:\Program Files\Microsoft SQL Server\Client SDK\ODBC\110\Tools\Binn\;C:\Program Files (x86)\Microsoft SQL Server\120\Tools\Binn\;C:\Program Files\Microsoft SQL Server\120\Tools\Binn\;C:\Program Files\Microsoft SQL Server\120\DTS\Binn\;C:\Program Files (x86)\Windows Kits\8.1\Windows Performance Toolkit\;C:\Program Files\MATLAB\R2018a\bin;C:\Program Files\MATLAB\R2017b\bin;C:\Program Files (x86)\Intel\Intel(R) Management Engine Components\DAL;C:\Program Files\Intel\Intel(R) Management Engine Components\DAL;C:\Program Files (x86)\Intel\Intel(R) Management Engine Components\IPT;C:\Program Files\Intel\Intel(R) Management Engine Components\IPT;C:\WINDOWS\System32\OpenSSH\;C:\Program Files\Intel\WiFi\bin\;C:\Program Files\Common Files\Intel\WirelessCommon\;C:\Program Files\Java\jdk1.8.0_211\bin;C:\LINGO18\;C:\Program Files\Git\cmd;C:\Program Files (x86)\Yarn\bin\;C:\Program Files\nodejs\;C:\Users\theja\AppData\Local\Microsoft\WindowsApps;C:\texlive\2018\bin\win32;C:\Users\theja\AppData\Local\Programs\Microsoft VS Code\bin;C:\Program Files\Java\jdk1.8.0_211\bin;C:\Users\theja\AppData\Local\Yarn\bin;C:\Users\theja\AppData\Roaming\npm
USERNAME=theja
OS=Windows_NT
PROCESSOR_IDENTIFIER=Intel64 Family 6 Model 142 Stepping 9, GenuineIntel



---------------  S Y S T E M  ---------------

OS: Windows 10.0 , 64 bit Build 18362 (10.0.18362.329)

CPU:total 4 (initial active 4) (2 cores per cpu, 2 threads per core) family 6 model 142 stepping 9, cmov, cx8, fxsr, mmx, sse, sse2, sse3, ssse3, sse4.1, sse4.2, popcnt, avx, avx2, aes, clmul, erms, 3dnowpref, lzcnt, ht, tsc, tscinvbit, bmi1, bmi2, adx

Memory: 4k page, physical 16652856k(7220864k free), swap 19536440k(5716804k free)

vm_info: Java HotSpot(TM) 64-Bit Server VM (25.211-b12) for windows-amd64 JRE (1.8.0_211-b12), built on Apr  1 2019 20:53:26 by "java_re" with MS VC++ 10.0 (VS2010)

time: Fri Apr 03 10:21:48 2020
timezone: Pacific Daylight Time
elapsed time: 305 seconds (0d 0h 5m 5s)

